2021-11-19 10:59:52,542 INFO o.h.v.i.u.Version [background-preinit] HV000001: Hibernate Validator 6.2.0.Final
2021-11-19 10:59:52,716 INFO o.s.b.StartupInfoLogger [main] Starting PdsiSystemApplication using Java 1.8.0_73 on LTI-TRAINING-06 with PID 12132 (C:\Users\Talha\Downloads\gitprogamcheck\PDSISystem\target\classes started by Talha in C:\Users\Talha\Downloads\gitprogamcheck\PDSISystem)
2021-11-19 10:59:52,732 INFO o.s.b.SpringApplication [main] No active profile set, falling back to default profiles: default
2021-11-19 10:59:58,672 INFO o.s.d.r.c.RepositoryConfigurationDelegate [main] Bootstrapping Spring Data JPA repositories in DEFAULT mode.
2021-11-19 10:59:59,960 INFO o.s.d.r.c.RepositoryConfigurationDelegate [main] Finished Spring Data repository scanning in 1189 ms. Found 12 JPA repository interfaces.
2021-11-19 11:00:04,468 INFO o.s.b.w.e.t.TomcatWebServer [main] Tomcat initialized with port(s): 8080 (http)
2021-11-19 11:00:04,499 INFO o.a.j.l.DirectJDKLog [main] Initializing ProtocolHandler ["http-nio-8080"]
2021-11-19 11:00:04,499 INFO o.a.j.l.DirectJDKLog [main] Starting service [Tomcat]
2021-11-19 11:00:04,514 INFO o.a.j.l.DirectJDKLog [main] Starting Servlet engine: [Apache Tomcat/9.0.53]
2021-11-19 11:00:05,389 INFO o.a.j.l.DirectJDKLog [main] Initializing Spring embedded WebApplicationContext
2021-11-19 11:00:05,389 INFO o.s.b.w.s.c.ServletWebServerApplicationContext [main] Root WebApplicationContext: initialization completed in 12354 ms
2021-11-19 11:00:05,983 INFO o.h.j.i.u.LogHelper [main] HHH000204: Processing PersistenceUnitInfo [name: default]
2021-11-19 11:00:06,118 INFO o.h.Version [main] HHH000412: Hibernate ORM core version 5.4.32.Final
2021-11-19 11:00:06,915 INFO o.h.a.c.r.j.JavaReflectionManager [main] HCANN000001: Hibernate Commons Annotations {5.1.2.Final}
2021-11-19 11:00:07,350 DEBUG o.h.t.BasicTypeRegistry [main] Adding type registration boolean -> org.hibernate.type.BooleanType@32dcfeea
2021-11-19 11:00:07,365 DEBUG o.h.t.BasicTypeRegistry [main] Adding type registration boolean -> org.hibernate.type.BooleanType@32dcfeea
2021-11-19 11:00:07,365 DEBUG o.h.t.BasicTypeRegistry [main] Adding type registration java.lang.Boolean -> org.hibernate.type.BooleanType@32dcfeea
2021-11-19 11:00:07,365 DEBUG o.h.t.BasicTypeRegistry [main] Adding type registration numeric_boolean -> org.hibernate.type.NumericBooleanType@5103eea2
2021-11-19 11:00:07,365 DEBUG o.h.t.BasicTypeRegistry [main] Adding type registration true_false -> org.hibernate.type.TrueFalseType@5f0677f3
2021-11-19 11:00:07,365 DEBUG o.h.t.BasicTypeRegistry [main] Adding type registration yes_no -> org.hibernate.type.YesNoType@46b6701e
2021-11-19 11:00:07,365 DEBUG o.h.t.BasicTypeRegistry [main] Adding type registration byte -> org.hibernate.type.ByteType@11abd6c
2021-11-19 11:00:07,381 DEBUG o.h.t.BasicTypeRegistry [main] Adding type registration byte -> org.hibernate.type.ByteType@11abd6c
2021-11-19 11:00:07,381 DEBUG o.h.t.BasicTypeRegistry [main] Adding type registration java.lang.Byte -> org.hibernate.type.ByteType@11abd6c
2021-11-19 11:00:07,381 DEBUG o.h.t.BasicTypeRegistry [main] Adding type registration character -> org.hibernate.type.CharacterType@236861da
2021-11-19 11:00:07,381 DEBUG o.h.t.BasicTypeRegistry [main] Adding type registration char -> org.hibernate.type.CharacterType@236861da
2021-11-19 11:00:07,381 DEBUG o.h.t.BasicTypeRegistry [main] Adding type registration java.lang.Character -> org.hibernate.type.CharacterType@236861da
2021-11-19 11:00:07,397 DEBUG o.h.t.BasicTypeRegistry [main] Adding type registration short -> org.hibernate.type.ShortType@3ba3f40d
2021-11-19 11:00:07,397 DEBUG o.h.t.BasicTypeRegistry [main] Adding type registration short -> org.hibernate.type.ShortType@3ba3f40d
2021-11-19 11:00:07,397 DEBUG o.h.t.BasicTypeRegistry [main] Adding type registration java.lang.Short -> org.hibernate.type.ShortType@3ba3f40d
2021-11-19 11:00:07,397 DEBUG o.h.t.BasicTypeRegistry [main] Adding type registration integer -> org.hibernate.type.IntegerType@547aaa32
2021-11-19 11:00:07,397 DEBUG o.h.t.BasicTypeRegistry [main] Adding type registration int -> org.hibernate.type.IntegerType@547aaa32
2021-11-19 11:00:07,412 DEBUG o.h.t.BasicTypeRegistry [main] Adding type registration java.lang.Integer -> org.hibernate.type.IntegerType@547aaa32
2021-11-19 11:00:07,412 DEBUG o.h.t.BasicTypeRegistry [main] Adding type registration long -> org.hibernate.type.LongType@65e4cb84
2021-11-19 11:00:07,412 DEBUG o.h.t.BasicTypeRegistry [main] Adding type registration long -> org.hibernate.type.LongType@65e4cb84
2021-11-19 11:00:07,412 DEBUG o.h.t.BasicTypeRegistry [main] Adding type registration java.lang.Long -> org.hibernate.type.LongType@65e4cb84
2021-11-19 11:00:07,412 DEBUG o.h.t.BasicTypeRegistry [main] Adding type registration float -> org.hibernate.type.FloatType@b55f5b7
2021-11-19 11:00:07,412 DEBUG o.h.t.BasicTypeRegistry [main] Adding type registration float -> org.hibernate.type.FloatType@b55f5b7
2021-11-19 11:00:07,412 DEBUG o.h.t.BasicTypeRegistry [main] Adding type registration java.lang.Float -> org.hibernate.type.FloatType@b55f5b7
2021-11-19 11:00:07,412 DEBUG o.h.t.BasicTypeRegistry [main] Adding type registration double -> org.hibernate.type.DoubleType@1426370c
2021-11-19 11:00:07,412 DEBUG o.h.t.BasicTypeRegistry [main] Adding type registration double -> org.hibernate.type.DoubleType@1426370c
2021-11-19 11:00:07,412 DEBUG o.h.t.BasicTypeRegistry [main] Adding type registration java.lang.Double -> org.hibernate.type.DoubleType@1426370c
2021-11-19 11:00:07,428 DEBUG o.h.t.BasicTypeRegistry [main] Adding type registration big_decimal -> org.hibernate.type.BigDecimalType@75527e36
2021-11-19 11:00:07,428 DEBUG o.h.t.BasicTypeRegistry [main] Adding type registration java.math.BigDecimal -> org.hibernate.type.BigDecimalType@75527e36
2021-11-19 11:00:07,428 DEBUG o.h.t.BasicTypeRegistry [main] Adding type registration big_integer -> org.hibernate.type.BigIntegerType@40016ce1
2021-11-19 11:00:07,428 DEBUG o.h.t.BasicTypeRegistry [main] Adding type registration java.math.BigInteger -> org.hibernate.type.BigIntegerType@40016ce1
2021-11-19 11:00:07,881 DEBUG o.h.t.BasicTypeRegistry [main] Adding type registration string -> org.hibernate.type.StringType@3b39e79b
2021-11-19 11:00:07,881 DEBUG o.h.t.BasicTypeRegistry [main] Adding type registration java.lang.String -> org.hibernate.type.StringType@3b39e79b
2021-11-19 11:00:07,881 DEBUG o.h.t.BasicTypeRegistry [main] Adding type registration nstring -> org.hibernate.type.StringNVarcharType@7e2bd5e6
2021-11-19 11:00:07,881 DEBUG o.h.t.BasicTypeRegistry [main] Adding type registration ncharacter -> org.hibernate.type.CharacterNCharType@1322b575
2021-11-19 11:00:07,881 DEBUG o.h.t.BasicTypeRegistry [main] Adding type registration url -> org.hibernate.type.UrlType@be6d228
2021-11-19 11:00:07,881 DEBUG o.h.t.BasicTypeRegistry [main] Adding type registration java.net.URL -> org.hibernate.type.UrlType@be6d228
2021-11-19 11:00:07,897 DEBUG o.h.t.BasicTypeRegistry [main] Adding type registration Duration -> org.hibernate.type.DurationType@2ae5bd34
2021-11-19 11:00:07,897 DEBUG o.h.t.BasicTypeRegistry [main] Adding type registration java.time.Duration -> org.hibernate.type.DurationType@2ae5bd34
2021-11-19 11:00:07,897 DEBUG o.h.t.BasicTypeRegistry [main] Adding type registration Instant -> org.hibernate.type.InstantType@57c6feea
2021-11-19 11:00:07,897 DEBUG o.h.t.BasicTypeRegistry [main] Adding type registration java.time.Instant -> org.hibernate.type.InstantType@57c6feea
2021-11-19 11:00:07,897 DEBUG o.h.t.BasicTypeRegistry [main] Adding type registration LocalDateTime -> org.hibernate.type.LocalDateTimeType@c732e1c
2021-11-19 11:00:07,897 DEBUG o.h.t.BasicTypeRegistry [main] Adding type registration java.time.LocalDateTime -> org.hibernate.type.LocalDateTimeType@c732e1c
2021-11-19 11:00:07,912 DEBUG o.h.t.BasicTypeRegistry [main] Adding type registration LocalDate -> org.hibernate.type.LocalDateType@308e87a1
2021-11-19 11:00:07,912 DEBUG o.h.t.BasicTypeRegistry [main] Adding type registration java.time.LocalDate -> org.hibernate.type.LocalDateType@308e87a1
2021-11-19 11:00:07,912 DEBUG o.h.t.BasicTypeRegistry [main] Adding type registration LocalTime -> org.hibernate.type.LocalTimeType@4efb13f1
2021-11-19 11:00:07,912 DEBUG o.h.t.BasicTypeRegistry [main] Adding type registration java.time.LocalTime -> org.hibernate.type.LocalTimeType@4efb13f1
2021-11-19 11:00:07,912 DEBUG o.h.t.BasicTypeRegistry [main] Adding type registration OffsetDateTime -> org.hibernate.type.OffsetDateTimeType@58882a93
2021-11-19 11:00:07,912 DEBUG o.h.t.BasicTypeRegistry [main] Adding type registration java.time.OffsetDateTime -> org.hibernate.type.OffsetDateTimeType@58882a93
2021-11-19 11:00:07,928 DEBUG o.h.t.BasicTypeRegistry [main] Adding type registration OffsetTime -> org.hibernate.type.OffsetTimeType@1930a804
2021-11-19 11:00:07,928 DEBUG o.h.t.BasicTypeRegistry [main] Adding type registration java.time.OffsetTime -> org.hibernate.type.OffsetTimeType@1930a804
2021-11-19 11:00:07,928 DEBUG o.h.t.BasicTypeRegistry [main] Adding type registration ZonedDateTime -> org.hibernate.type.ZonedDateTimeType@4276ad40
2021-11-19 11:00:07,928 DEBUG o.h.t.BasicTypeRegistry [main] Adding type registration java.time.ZonedDateTime -> org.hibernate.type.ZonedDateTimeType@4276ad40
2021-11-19 11:00:07,943 DEBUG o.h.t.BasicTypeRegistry [main] Adding type registration date -> org.hibernate.type.DateType@cec590c
2021-11-19 11:00:07,943 DEBUG o.h.t.BasicTypeRegistry [main] Adding type registration java.sql.Date -> org.hibernate.type.DateType@cec590c
2021-11-19 11:00:07,943 DEBUG o.h.t.BasicTypeRegistry [main] Adding type registration time -> org.hibernate.type.TimeType@6f3b13d0
2021-11-19 11:00:07,943 DEBUG o.h.t.BasicTypeRegistry [main] Adding type registration java.sql.Time -> org.hibernate.type.TimeType@6f3b13d0
2021-11-19 11:00:07,959 DEBUG o.h.t.BasicTypeRegistry [main] Adding type registration timestamp -> org.hibernate.type.TimestampType@5c33008f
2021-11-19 11:00:07,959 DEBUG o.h.t.BasicTypeRegistry [main] Adding type registration java.sql.Timestamp -> org.hibernate.type.TimestampType@5c33008f
2021-11-19 11:00:07,959 DEBUG o.h.t.BasicTypeRegistry [main] Adding type registration java.util.Date -> org.hibernate.type.TimestampType@5c33008f
2021-11-19 11:00:07,959 DEBUG o.h.t.BasicTypeRegistry [main] Adding type registration dbtimestamp -> org.hibernate.type.DbTimestampType@79ad1774
2021-11-19 11:00:07,975 DEBUG o.h.t.BasicTypeRegistry [main] Adding type registration calendar -> org.hibernate.type.CalendarType@455f4483
2021-11-19 11:00:07,975 DEBUG o.h.t.BasicTypeRegistry [main] Adding type registration java.util.Calendar -> org.hibernate.type.CalendarType@455f4483
2021-11-19 11:00:07,975 DEBUG o.h.t.BasicTypeRegistry [main] Adding type registration java.util.GregorianCalendar -> org.hibernate.type.CalendarType@455f4483
2021-11-19 11:00:07,975 DEBUG o.h.t.BasicTypeRegistry [main] Adding type registration calendar_date -> org.hibernate.type.CalendarDateType@7e0986c9
2021-11-19 11:00:07,975 DEBUG o.h.t.BasicTypeRegistry [main] Adding type registration calendar_time -> org.hibernate.type.CalendarTimeType@752973de
2021-11-19 11:00:07,975 DEBUG o.h.t.BasicTypeRegistry [main] Adding type registration locale -> org.hibernate.type.LocaleType@6903ed0e
2021-11-19 11:00:07,975 DEBUG o.h.t.BasicTypeRegistry [main] Adding type registration java.util.Locale -> org.hibernate.type.LocaleType@6903ed0e
2021-11-19 11:00:07,990 DEBUG o.h.t.BasicTypeRegistry [main] Adding type registration currency -> org.hibernate.type.CurrencyType@77c23d90
2021-11-19 11:00:07,990 DEBUG o.h.t.BasicTypeRegistry [main] Adding type registration java.util.Currency -> org.hibernate.type.CurrencyType@77c23d90
2021-11-19 11:00:07,990 DEBUG o.h.t.BasicTypeRegistry [main] Adding type registration timezone -> org.hibernate.type.TimeZoneType@3d033453
2021-11-19 11:00:07,990 DEBUG o.h.t.BasicTypeRegistry [main] Adding type registration java.util.TimeZone -> org.hibernate.type.TimeZoneType@3d033453
2021-11-19 11:00:08,006 DEBUG o.h.t.BasicTypeRegistry [main] Adding type registration class -> org.hibernate.type.ClassType@5eeee124
2021-11-19 11:00:08,006 DEBUG o.h.t.BasicTypeRegistry [main] Adding type registration java.lang.Class -> org.hibernate.type.ClassType@5eeee124
2021-11-19 11:00:08,022 DEBUG o.h.t.BasicTypeRegistry [main] Adding type registration uuid-binary -> org.hibernate.type.UUIDBinaryType@2037f12b
2021-11-19 11:00:08,022 DEBUG o.h.t.BasicTypeRegistry [main] Adding type registration java.util.UUID -> org.hibernate.type.UUIDBinaryType@2037f12b
2021-11-19 11:00:08,022 DEBUG o.h.t.BasicTypeRegistry [main] Adding type registration uuid-char -> org.hibernate.type.UUIDCharType@b94703b
2021-11-19 11:00:08,037 DEBUG o.h.t.BasicTypeRegistry [main] Adding type registration binary -> org.hibernate.type.BinaryType@3ac0a14b
2021-11-19 11:00:08,037 DEBUG o.h.t.BasicTypeRegistry [main] Adding type registration byte[] -> org.hibernate.type.BinaryType@3ac0a14b
2021-11-19 11:00:08,037 DEBUG o.h.t.BasicTypeRegistry [main] Adding type registration [B -> org.hibernate.type.BinaryType@3ac0a14b
2021-11-19 11:00:08,037 DEBUG o.h.t.BasicTypeRegistry [main] Adding type registration wrapper-binary -> org.hibernate.type.WrapperBinaryType@26ffd2c0
2021-11-19 11:00:08,037 DEBUG o.h.t.BasicTypeRegistry [main] Adding type registration Byte[] -> org.hibernate.type.WrapperBinaryType@26ffd2c0
2021-11-19 11:00:08,037 DEBUG o.h.t.BasicTypeRegistry [main] Adding type registration [Ljava.lang.Byte; -> org.hibernate.type.WrapperBinaryType@26ffd2c0
2021-11-19 11:00:08,053 DEBUG o.h.t.BasicTypeRegistry [main] Adding type registration row_version -> org.hibernate.type.RowVersionType@619c3546
2021-11-19 11:00:08,053 DEBUG o.h.t.BasicTypeRegistry [main] Adding type registration image -> org.hibernate.type.ImageType@1d944fc0
2021-11-19 11:00:08,053 DEBUG o.h.t.BasicTypeRegistry [main] Adding type registration characters -> org.hibernate.type.CharArrayType@12f9f896
2021-11-19 11:00:08,053 DEBUG o.h.t.BasicTypeRegistry [main] Adding type registration char[] -> org.hibernate.type.CharArrayType@12f9f896
2021-11-19 11:00:08,053 DEBUG o.h.t.BasicTypeRegistry [main] Adding type registration [C -> org.hibernate.type.CharArrayType@12f9f896
2021-11-19 11:00:08,068 DEBUG o.h.t.BasicTypeRegistry [main] Adding type registration wrapper-characters -> org.hibernate.type.CharacterArrayType@faec277
2021-11-19 11:00:08,068 DEBUG o.h.t.BasicTypeRegistry [main] Adding type registration [Ljava.lang.Character; -> org.hibernate.type.CharacterArrayType@faec277
2021-11-19 11:00:08,068 DEBUG o.h.t.BasicTypeRegistry [main] Adding type registration Character[] -> org.hibernate.type.CharacterArrayType@faec277
2021-11-19 11:00:08,068 DEBUG o.h.t.BasicTypeRegistry [main] Adding type registration text -> org.hibernate.type.TextType@12e007be
2021-11-19 11:00:08,068 DEBUG o.h.t.BasicTypeRegistry [main] Adding type registration ntext -> org.hibernate.type.NTextType@36d697ab
2021-11-19 11:00:08,068 DEBUG o.h.t.BasicTypeRegistry [main] Adding type registration blob -> org.hibernate.type.BlobType@25470477
2021-11-19 11:00:08,084 DEBUG o.h.t.BasicTypeRegistry [main] Adding type registration java.sql.Blob -> org.hibernate.type.BlobType@25470477
2021-11-19 11:00:08,084 DEBUG o.h.t.BasicTypeRegistry [main] Adding type registration materialized_blob -> org.hibernate.type.MaterializedBlobType@30dd00b6
2021-11-19 11:00:08,084 DEBUG o.h.t.BasicTypeRegistry [main] Adding type registration clob -> org.hibernate.type.ClobType@40f9f60d
2021-11-19 11:00:08,084 DEBUG o.h.t.BasicTypeRegistry [main] Adding type registration java.sql.Clob -> org.hibernate.type.ClobType@40f9f60d
2021-11-19 11:00:08,100 DEBUG o.h.t.BasicTypeRegistry [main] Adding type registration nclob -> org.hibernate.type.NClobType@4d20616a
2021-11-19 11:00:08,100 DEBUG o.h.t.BasicTypeRegistry [main] Adding type registration java.sql.NClob -> org.hibernate.type.NClobType@4d20616a
2021-11-19 11:00:08,100 DEBUG o.h.t.BasicTypeRegistry [main] Adding type registration materialized_clob -> org.hibernate.type.MaterializedClobType@36f6d25c
2021-11-19 11:00:08,100 DEBUG o.h.t.BasicTypeRegistry [main] Adding type registration materialized_nclob -> org.hibernate.type.MaterializedNClobType@1b1e1f02
2021-11-19 11:00:08,115 DEBUG o.h.t.BasicTypeRegistry [main] Adding type registration serializable -> org.hibernate.type.SerializableType@76af34b5
2021-11-19 11:00:08,115 DEBUG o.h.t.BasicTypeRegistry [main] Adding type registration object -> org.hibernate.type.ObjectType@6cd45b6c
2021-11-19 11:00:08,115 DEBUG o.h.t.BasicTypeRegistry [main] Adding type registration java.lang.Object -> org.hibernate.type.ObjectType@6cd45b6c
2021-11-19 11:00:08,131 DEBUG o.h.t.BasicTypeRegistry [main] Adding type registration imm_date -> org.hibernate.type.AdaptedImmutableType@4bfa5eb9
2021-11-19 11:00:08,131 DEBUG o.h.t.BasicTypeRegistry [main] Adding type registration imm_time -> org.hibernate.type.AdaptedImmutableType@2a2b7a35
2021-11-19 11:00:08,131 DEBUG o.h.t.BasicTypeRegistry [main] Adding type registration imm_timestamp -> org.hibernate.type.AdaptedImmutableType@58186f9f
2021-11-19 11:00:08,131 DEBUG o.h.t.BasicTypeRegistry [main] Adding type registration imm_dbtimestamp -> org.hibernate.type.AdaptedImmutableType@62faf77
2021-11-19 11:00:08,131 DEBUG o.h.t.BasicTypeRegistry [main] Adding type registration imm_calendar -> org.hibernate.type.AdaptedImmutableType@1f39269d
2021-11-19 11:00:08,131 DEBUG o.h.t.BasicTypeRegistry [main] Adding type registration imm_calendar_date -> org.hibernate.type.AdaptedImmutableType@6e321d9d
2021-11-19 11:00:08,131 DEBUG o.h.t.BasicTypeRegistry [main] Adding type registration imm_binary -> org.hibernate.type.AdaptedImmutableType@754de353
2021-11-19 11:00:08,131 DEBUG o.h.t.BasicTypeRegistry [main] Adding type registration imm_serializable -> org.hibernate.type.AdaptedImmutableType@ee2ae9a
2021-11-19 11:00:08,320 INFO c.z.h.HikariDataSource [main] HikariPool-1 - Starting...
2021-11-19 11:00:09,789 INFO c.z.h.HikariDataSource [main] HikariPool-1 - Start completed.
2021-11-19 11:00:09,898 INFO o.h.d.Dialect [main] HHH000400: Using dialect: org.hibernate.dialect.MySQL8Dialect
2021-11-19 11:00:10,824 DEBUG o.h.t.s.TypeConfiguration [main] Scoping TypeConfiguration [org.hibernate.type.spi.TypeConfiguration@38848217] to MetadataBuildingContext [org.hibernate.boot.internal.MetadataBuildingContextRootImpl@1607d391]
2021-11-19 11:00:13,352 DEBUG o.h.t.s.TypeConfiguration [main] Scoping TypeConfiguration [org.hibernate.type.spi.TypeConfiguration@38848217] to SessionFactoryImpl [org.hibernate.internal.SessionFactoryImpl@434d001d]
2021-11-19 11:00:19,286 INFO o.h.e.t.j.p.i.JtaPlatformInitiator [main] HHH000490: Using JtaPlatform implementation: [org.hibernate.engine.transaction.jta.platform.internal.NoJtaPlatform]
2021-11-19 11:00:19,317 TRACE o.h.t.s.TypeConfiguration [main] Handling #sessionFactoryCreated from [org.hibernate.internal.SessionFactoryImpl@434d001d] for TypeConfiguration
2021-11-19 11:00:19,333 INFO o.s.o.j.AbstractEntityManagerFactoryBean [main] Initialized JPA EntityManagerFactory for persistence unit 'default'
2021-11-19 11:00:23,614 WARN o.s.b.a.o.j.JpaBaseConfiguration$JpaWebConfiguration [main] spring.jpa.open-in-view is enabled by default. Therefore, database queries may be performed during view rendering. Explicitly configure spring.jpa.open-in-view to disable this warning
2021-11-19 11:00:24,567 INFO s.d.s.w.PropertySourcedRequestMappingHandlerMapping [main] Mapped URL path [/v2/api-docs] onto method [springfox.documentation.swagger2.web.Swagger2Controller#getDocumentation(String, HttpServletRequest)]
2021-11-19 11:00:25,067 INFO o.s.s.w.DefaultSecurityFilterChain [main] Will secure any request with [org.springframework.security.web.context.request.async.WebAsyncManagerIntegrationFilter@407ff25f, org.springframework.security.web.context.SecurityContextPersistenceFilter@6079d219, org.springframework.security.web.header.HeaderWriterFilter@5471342, org.springframework.web.filter.CorsFilter@3ba8fbc8, org.springframework.security.web.authentication.logout.LogoutFilter@31ecb361, com.tfworkers.PDSISystem.Security.JWTAuthenticationFilter@113a89c5, com.tfworkers.PDSISystem.Security.JWTAuthorizationFilter@55da6bf, org.springframework.security.web.savedrequest.RequestCacheAwareFilter@686ace1f, org.springframework.security.web.servletapi.SecurityContextHolderAwareRequestFilter@386d41cb, org.springframework.security.web.authentication.AnonymousAuthenticationFilter@3a0f5141, org.springframework.security.web.session.SessionManagementFilter@4e9d1119, org.springframework.security.web.access.ExceptionTranslationFilter@1e834a5b, org.springframework.security.web.access.intercept.FilterSecurityInterceptor@2bef33e7]
2021-11-19 11:00:26,039 INFO o.a.j.l.DirectJDKLog [main] Starting ProtocolHandler ["http-nio-8080"]
2021-11-19 11:00:26,102 INFO o.s.b.w.e.t.TomcatWebServer [main] Tomcat started on port(s): 8080 (http) with context path ''
2021-11-19 11:00:26,102 INFO s.d.s.w.p.DocumentationPluginsBootstrapper [main] Context refreshed
2021-11-19 11:00:26,196 INFO s.d.s.w.p.DocumentationPluginsBootstrapper [main] Found 1 custom documentation plugin(s)
2021-11-19 11:00:26,305 INFO s.d.s.w.s.ApiListingReferenceScanner [main] Scanning for api listing references
2021-11-19 11:00:26,946 INFO s.d.s.w.r.o.CachingOperationNameGenerator [main] Generating unique operation named: addProcessUsingPOST_1
2021-11-19 11:00:27,164 INFO s.d.s.w.r.o.CachingOperationNameGenerator [main] Generating unique operation named: exportToPDFUsingGET_1
2021-11-19 11:00:27,305 INFO o.s.b.StartupInfoLogger [main] Started PdsiSystemApplication in 36.756 seconds (JVM running for 44.462)
2021-11-19 11:00:32,319 INFO o.a.j.l.DirectJDKLog [http-nio-8080-exec-2] Initializing Spring DispatcherServlet 'dispatcherServlet'
2021-11-19 11:00:32,319 INFO o.s.w.s.FrameworkServlet [http-nio-8080-exec-2] Initializing Servlet 'dispatcherServlet'
2021-11-19 11:00:32,327 INFO o.s.w.s.FrameworkServlet [http-nio-8080-exec-2] Completed initialization in 8 ms
